
06 Feb 2017 22:24:34 [{u'message': u'Bad Authentication data.', u'code': 215}]
06 Feb 2017 22:24:53 [{u'message': u'Bad Authentication data.', u'code': 215}]
06 Feb 2017 22:25:06 [{u'message': u'Bad Authentication data.', u'code': 215}]
06 Feb 2017 22:31:33 [{u'message': u'Bad Authentication data.', u'code': 215}]
06 Feb 2017 22:32:14 [{u'message': u'Bad Authentication data.', u'code': 215}]
06 Feb 2017 22:33:33 [{u'message': u'Bad Authentication data.', u'code': 215}]
06 Feb 2017 22:43:19 [{u'message': u'Bad Authentication data.', u'code': 215}]
06 Feb 2017 22:56:55 [{u'message': u'Bad Authentication data.', u'code': 215}]
06 Feb 2017 22:59:06 Tweeted: My first tweet
06 Feb 2017 23:32:35 [{u'message': u'You have already retweeted this tweet.', u'code': 327}]
06 Feb 2017 23:33:07 
06 Feb 2017 23:33:08 [{u'message': u'You have already retweeted this tweet.', u'code': 327}]
06 Feb 2017 23:33:11 
06 Feb 2017 23:33:11 [{u'message': u'You have already retweeted this tweet.', u'code': 327}]
06 Feb 2017 23:33:16 [{u'message': u'You have already retweeted this tweet.', u'code': 327}]
06 Feb 2017 23:33:25 
06 Feb 2017 23:33:25 [{u'message': u'You have already retweeted this tweet.', u'code': 327}]
07 Feb 2017 00:18:22 [{u'message': u'You have already retweeted this tweet.', u'code': 327}]
07 Feb 2017 00:18:32 [{u'message': u'You have already retweeted this tweet.', u'code': 327}]
07 Feb 2017 00:19:07 [{u'message': u'You have already retweeted this tweet.', u'code': 327}]
07 Feb 2017 00:19:27 [{u'message': u'You have already retweeted this tweet.', u'code': 327}]
07 Feb 2017 00:31:28 [{u'message': u'You have already retweeted this tweet.', u'code': 327}]
07 Feb 2017 00:33:20 
07 Feb 2017 00:33:20 [{u'message': u'You have already retweeted this tweet.', u'code': 327}]
07 Feb 2017 00:33:35 [{u'message': u'You have already retweeted this tweet.', u'code': 327}]
07 Feb 2017 06:29:16 
07 Feb 2017 06:29:16 [{u'message': u'You have already retweeted this tweet.', u'code': 327}]
07 Feb 2017 06:29:17 Retweeted: 828853048336343040
07 Feb 2017 06:29:18 [{u'message': u'You have already retweeted this tweet.', u'code': 327}]
07 Feb 2017 06:29:35 Retweeted: 828853126941650944
07 Feb 2017 06:29:36 [{u'message': u'You have already retweeted this tweet.', u'code': 327}]
07 Feb 2017 06:30:10 Retweeted: 828853273448820736
07 Feb 2017 06:30:11 [{u'message': u'You have already retweeted this tweet.', u'code': 327}]
07 Feb 2017 06:30:14 
07 Feb 2017 06:30:14 [{u'message': u'You have already retweeted this tweet.', u'code': 327}]
07 Feb 2017 06:30:18 Retweeted: 828853302326595584
07 Feb 2017 06:30:19 [{u'message': u'You have already retweeted this tweet.', u'code': 327}]
07 Feb 2017 06:30:22 
07 Feb 2017 06:30:22 [{u'message': u'You have already retweeted this tweet.', u'code': 327}]
07 Feb 2017 06:30:24 
07 Feb 2017 06:30:24 [{u'message': u'You have already retweeted this tweet.', u'code': 327}]
07 Feb 2017 06:30:54 Retweeted: 828853453250105344
07 Feb 2017 06:30:54 [{u'message': u'You have already retweeted this tweet.', u'code': 327}]
07 Feb 2017 06:31:18 Retweeted: 828853555905839104
07 Feb 2017 06:31:18 [{u'message': u'You have already retweeted this tweet.', u'code': 327}]
07 Feb 2017 06:32:22 
07 Feb 2017 06:32:22 [{u'message': u'You have already retweeted this tweet.', u'code': 327}]
07 Feb 2017 06:36:55 
07 Feb 2017 06:36:55 [{u'message': u'You have already retweeted this tweet.', u'code': 327}]
07 Feb 2017 06:38:45 
07 Feb 2017 06:38:45 [{u'message': u'You have already retweeted this tweet.', u'code': 327}]
07 Feb 2017 06:39:08 
07 Feb 2017 06:39:09 [{u'message': u'You have already retweeted this tweet.', u'code': 327}]
07 Feb 2017 06:39:31 Retweeted: 828855625618690048
07 Feb 2017 06:39:31 [{u'message': u'You have already retweeted this tweet.', u'code': 327}]
07 Feb 2017 06:39:35 Retweeted: 828855641326366720
07 Feb 2017 06:39:35 [{u'message': u'You have already retweeted this tweet.', u'code': 327}]
07 Feb 2017 06:39:42 Retweeted: 828855672418627586
07 Feb 2017 06:39:43 [{u'message': u'You have already retweeted this tweet.', u'code': 327}]
07 Feb 2017 06:40:05 
07 Feb 2017 06:40:05 [{u'message': u'You have already retweeted this tweet.', u'code': 327}]
07 Feb 2017 06:40:06 Retweeted: 828855771030966273
07 Feb 2017 06:40:06 [{u'message': u'You have already retweeted this tweet.', u'code': 327}]
07 Feb 2017 06:40:13 
07 Feb 2017 06:40:13 [{u'message': u'You have already retweeted this tweet.', u'code': 327}]
07 Feb 2017 06:40:34 
07 Feb 2017 06:40:34 [{u'message': u'You have already retweeted this tweet.', u'code': 327}]
07 Feb 2017 06:40:36 Retweeted: 828855898978213889
07 Feb 2017 06:40:37 [{u'message': u'You have already retweeted this tweet.', u'code': 327}]
07 Feb 2017 06:40:42 Retweeted: 828855923519025152
07 Feb 2017 06:40:42 [{u'message': u'You have already retweeted this tweet.', u'code': 327}]
07 Feb 2017 06:40:58 [{u'message': u'You have already retweeted this tweet.', u'code': 327}]
07 Feb 2017 06:41:09 Retweeted: 828856038010990592
07 Feb 2017 06:41:10 [{u'message': u'You have already retweeted this tweet.', u'code': 327}]
07 Feb 2017 06:41:20 Retweeted: 828856081870905346
07 Feb 2017 06:41:20 [{u'message': u'You have already retweeted this tweet.', u'code': 327}]
07 Feb 2017 06:41:24 Retweeted: 828856099088445440
07 Feb 2017 06:41:24 [{u'message': u'You have already retweeted this tweet.', u'code': 327}]
07 Feb 2017 06:41:29 
07 Feb 2017 06:41:29 [{u'message': u'You have already retweeted this tweet.', u'code': 327}]
07 Feb 2017 06:41:29 [{u'message': u'You have already retweeted this tweet.', u'code': 327}]
07 Feb 2017 06:41:32 
07 Feb 2017 06:41:33 [{u'message': u'You have already retweeted this tweet.', u'code': 327}]
07 Feb 2017 06:41:37 Retweeted: 828856153014546433
07 Feb 2017 06:41:37 [{u'message': u'You have already retweeted this tweet.', u'code': 327}]
07 Feb 2017 06:41:42 Retweeted: 828856174627930112
07 Feb 2017 06:41:42 [{u'message': u'You have already retweeted this tweet.', u'code': 327}]
07 Feb 2017 06:41:46 [{u'message': u'You have already retweeted this tweet.', u'code': 327}]
07 Feb 2017 06:42:05 Retweeted: 828856271017086978
07 Feb 2017 06:42:05 [{u'message': u'You have already retweeted this tweet.', u'code': 327}]
07 Feb 2017 06:43:12 Retweeted: 828856526127239168
07 Feb 2017 06:43:18 [{u'message': u'You have already retweeted this tweet.', u'code': 327}]
07 Feb 2017 06:43:25 Retweeted: 828856562642870272
07 Feb 2017 06:43:32 [{u'message': u'You have already retweeted this tweet.', u'code': 327}]
07 Feb 2017 06:43:39 [{u'message': u'You have already retweeted this tweet.', u'code': 327}]
07 Feb 2017 06:43:59 Failed to send request: EOF occurred in violation of protocol (_ssl.c:581)
07 Feb 2017 06:44:16 [{u'message': u'You have already retweeted this tweet.', u'code': 327}]
07 Feb 2017 06:44:42 Retweeted: 828856916843515904
07 Feb 2017 06:44:43 [{u'message': u'You have already retweeted this tweet.', u'code': 327}]
07 Feb 2017 06:44:54 Retweeted: 828856956769013760
07 Feb 2017 06:45:01 [{u'message': u'You have already retweeted this tweet.', u'code': 327}]
07 Feb 2017 06:45:11 
07 Feb 2017 06:45:17 Retweeted: 828857036016226304
07 Feb 2017 06:45:23 
07 Feb 2017 06:45:30 [{u'message': u'You have already retweeted this tweet.', u'code': 327}]
07 Feb 2017 06:45:36 [{u'message': u'You have already retweeted this tweet.', u'code': 327}]
07 Feb 2017 06:45:42 [{u'message': u'You have already retweeted this tweet.', u'code': 327}]
07 Feb 2017 06:45:48 [{u'message': u'You have already retweeted this tweet.', u'code': 327}]
07 Feb 2017 06:45:53 
07 Feb 2017 06:45:59 
07 Feb 2017 06:46:03 Retweeted: 828857101980012546
07 Feb 2017 06:46:03 [{u'message': u'You have already retweeted this tweet.', u'code': 327}]
07 Feb 2017 06:46:04 Retweeted: 828857154840850432
07 Feb 2017 06:46:10 [{u'message': u'You have already retweeted this tweet.', u'code': 327}]
07 Feb 2017 06:46:12 [{u'message': u'You have already retweeted this tweet.', u'code': 327}]
07 Feb 2017 06:46:12 [{u'message': u'You have already retweeted this tweet.', u'code': 327}]
07 Feb 2017 06:46:15 [{u'message': u'You have already retweeted this tweet.', u'code': 327}]
07 Feb 2017 06:46:40 Retweeted: 828857396336418817
07 Feb 2017 06:46:45 [{u'message': u'You have already retweeted this tweet.', u'code': 327}]
07 Feb 2017 06:46:52 Retweeted: 828857456176402432
07 Feb 2017 06:46:55 [{u'message': u'You have already retweeted this tweet.', u'code': 327}]
07 Feb 2017 06:47:09 Retweeted: 828857536853872640
07 Feb 2017 06:47:09 [{u'message': u'You have already retweeted this tweet.', u'code': 327}]
07 Feb 2017 06:47:36 [{u'message': u'You have already retweeted this tweet.', u'code': 327}]
07 Feb 2017 06:47:37 Retweeted: 828857662255165444
07 Feb 2017 06:47:37 [{u'message': u'You have already retweeted this tweet.', u'code': 327}]
07 Feb 2017 06:47:37 [{u'message': u'You have already retweeted this tweet.', u'code': 327}]
07 Feb 2017 06:48:05 [{u'message': u'You have already retweeted this tweet.', u'code': 327}]
07 Feb 2017 06:48:17 Retweeted: 828857832833417216
07 Feb 2017 06:48:18 [{u'message': u'You have already retweeted this tweet.', u'code': 327}]
07 Feb 2017 06:48:21 Retweeted: 828857849975418880
07 Feb 2017 06:48:22 [{u'message': u'You have already retweeted this tweet.', u'code': 327}]
07 Feb 2017 06:48:29 Retweeted: 828857883043385344
07 Feb 2017 06:48:30 [{u'message': u'You have already retweeted this tweet.', u'code': 327}]
07 Feb 2017 06:48:32 [{u'message': u'You have already retweeted this tweet.', u'code': 327}]
07 Feb 2017 06:48:35 Retweeted: 828857906770669568
07 Feb 2017 06:48:35 [{u'message': u'You have already retweeted this tweet.', u'code': 327}]
07 Feb 2017 06:50:10 
07 Feb 2017 06:50:10 [{u'message': u'You have already retweeted this tweet.', u'code': 327}]
07 Feb 2017 06:50:19 
07 Feb 2017 06:50:19 [{u'message': u'You have already retweeted this tweet.', u'code': 327}]